<?xml version="1.0" encoding="UTF-8"?>
<!-- Generated by org.testng.reporters.JUnitXMLReporter -->
<testsuite hostname="DESKTOP-JIEC2LI" ignored="0" name="gmailLoginTest" tests="1" failures="1" timestamp="03 Mar 2020 11:44:59 GMT" time="0.019" errors="0">
  <testcase name="gmailLoginTest" time="0.0" classname="com.parameters.ParametersTest">
    <failure type="org.testng.TestNGException" message="
Method gmailLoginTest requires 4 parameters but 5 were supplied in the @Test annotation.">
      <![CDATA[org.testng.TestNGException: 
Method gmailLoginTest requires 4 parameters but 5 were supplied in the @Test annotation.
... Removed 24 stack frames]]>
    </failure>
  </testcase> <!-- gmailLoginTest -->
</testsuite> <!-- gmailLoginTest -->
